20240129	 01:48:48	 fd6ed5d5-9777-4470-ae16-728bc36f4e3e	 NotFoundError:, This page is unavailable!
20240129	 01:49:01	 ec2dd360-7c6a-4b00-bcd9-ca6c424717a7	 NotFoundError:, This page is unavailable!
20240129	 02:45:23	 83f1d0c4-f24d-4447-9a2f-239edd91d77b	 Error from reset password controller
20240129	 02:45:23	 9dc313f8-e797-49b3-809c-92adf8a29534	 UnauthorizedError:, Unauthorized
20240129	 02:49:51	 41573e7c-ffa1-4fc3-b168-f7a2fe1c6411	 Error from reset password controller
20240129	 02:49:51	 a555aed4-c571-454b-970a-85fe42a5d440	 UnauthorizedError:, Unauthorized
20240129	 02:50:10	 9e0eb475-ccb3-45f2-9c9a-51e113ead132	 Error from reset password controller
20240129	 02:50:10	 435b5ae2-d9bd-49db-9eac-6de9a98bf711	 UnauthorizedError:, Unauthorized
20240129	 02:51:08	 fc3db1da-3608-47b9-99c8-dd9a1fca57d2	 Error from reset password controller
20240129	 02:51:08	 7ce63d68-a025-426b-a66f-5ca028e2062c	 UnauthorizedError:, Unauthorized
20240129	 02:52:19	 ac5c2cf2-48ae-4a5b-9549-85c25323ac7c	 Error from reset password controller
20240129	 02:52:19	 cbb99821-e5b9-4327-8d8d-cbc07866b4e6	 UnauthorizedError:, Unauthorized
20240129	 02:53:19	 e3a07683-8678-4b5c-ac31-da59a11b3946	 Error from reset password controller
20240129	 02:53:19	 a9a6342e-3ef0-4042-ac0b-3e0c2a81adae	 UnauthorizedError:, Unauthorized
20240129	 02:55:08	 8606ff21-1744-4f4c-aebb-100725ac56ea	 Error from reset password controller
20240129	 02:55:08	 0cd1d8dc-f031-4a65-8e83-8b8e2ef1457c	 UnauthorizedError:, Unauthorized
20240129	 02:56:52	 57962001-526d-4b1d-9e4c-12652449b92f	 Error from reset password controller
20240129	 02:56:52	 2ee4db0b-4e5a-4b95-ab25-a2c6d148b670	 UnauthorizedError:, Unauthorized
20240129	 03:12:48	 bc192418-79ca-4fb5-8f73-927a1fbc1971	 Error from reset password controller
20240129	 03:12:48	 f10ddf78-397c-43e1-a723-9a4c259c3ed7	 UnauthorizedError:, Unauthorized
20240129	 03:13:57	 64a9733c-e9af-4b90-a86b-e0cac0c87d35	 Error from reset password controller
20240129	 03:13:57	 6af4b1fc-6291-46aa-ae51-4fb7f9f59902	 UnauthorizedError:, Unauthorized
20240129	 03:14:56	 29033676-2cad-4e96-b433-2f2dd1ecdb4a	 Error from reset password controller
20240129	 03:14:56	 7d1531f6-35d9-4737-8b17-2e8d7f9d7591	 UnauthorizedError:, Unauthorized
20240129	 03:16:46	 e4970a82-e619-4bdb-a2b3-538fcdba64d8	 Error from reset password controller
20240129	 03:16:46	 be40f021-0590-4820-ad7a-f3298143f6c0	 UnauthorizedError:, Unauthorized
20240129	 03:25:44	 d0711a67-0ccb-4c85-9ff0-0069ff906790	 Error from reset password controller
20240129	 03:25:44	 b07c67f7-1d67-4955-b8ed-64d840365d58	 UnauthorizedError:, Unauthorized
20240129	 03:29:21	 9305e134-d9ff-4ea6-849d-f5fa88f77d24	 Error from reset password controller
20240129	 03:29:21	 b9905521-94c3-4366-9a1e-e97b8e6e7676	 UnauthorizedError:, Unauthorized
20240129	 03:37:04	 b5bf74ae-de2e-45b0-8faf-c2e86d8f4176	 Error from reset password controller
20240129	 03:37:04	 f880b811-61c6-475c-90b0-e4c8eee69041	 UnauthorizedError:, Unauthorized
20240129	 03:38:00	 7e3af42e-921c-4e42-97f1-7cc8525ddf2e	 Error from reset password controller
20240129	 03:38:00	 b9a75061-a8d4-479a-b5ac-e1578f0f62c2	 UnauthorizedError:, Unauthorized
20240129	 03:38:40	 a5f1fec7-f706-4711-a2ba-37377b6b3741	 Error from reset password controller
20240129	 03:38:40	 db5513f6-ddda-4636-aff8-6ffcfa72b818	 UnauthorizedError:, Unauthorized
20240129	 03:49:34	 5349a559-38a3-41d4-b00a-fb24588baf55	 Error from database query
20240129	 03:49:34	 db05b2da-2a5a-46da-aa2f-126ebaf3b87e	 Error from reset password controller
20240129	 03:49:34	 8a2d4cf2-4e18-4dce-a6ed-1611ae3bbcc5	 undefined:, TypeError: fetch failed
20240129	 03:57:57	 6e558ee6-1318-4941-a629-992dd3079bb4	 NotFoundError:, This page is unavailable!
20240129	 03:58:11	 adeec809-4903-4c4c-9dd2-6423aba7dc26	 Error from reset password controller
20240129	 03:58:11	 31b8519b-f390-4521-9cbc-76db5f547187	 UnauthorizedError:, Invalid token
20240129	 03:59:50	 cfabbe5d-1eeb-465a-9d14-0e448225b177	 Error from reset password controller
20240129	 03:59:50	 5c8a51ed-55c2-43a1-8e4d-890ba283e524	 UnauthorizedError:, Invalid token
