20240129	 01:48:48	 d4d63ba3-c029-4d56-aaaf-da223dc62ccc	 undefined	GET	/auth/resetPassword
20240129	 01:49:01	 bf96a45f-bee8-4f57-9b70-721541983324	 undefined	GET	/auth/resetPassword/
20240129	 02:41:26	 88d04f90-0588-4c01-b906-2c22bdd955d5	 undefined	POST	/auth/forgotPassword
20240129	 02:45:23	 8949ae40-db45-415c-9163-338211c3770a	 undefined	PATCH	/auth/resetPassword/eyJhbGciOiJIUzI1NiIsInR5cCI6IkpXVCJ9.eyJ1c2VybmFtZSI6Im9sYW1pZGUxMjIzNDU2NyIsImlhdCI6MTcwNjQ5MjQ5MiwiZXhwIjoxNzA2NTQ2NDkyfQ.7krDO-b2ET9tjZm_9CF-LzexnPEWCvURVjeDFDyn8sA
20240129	 02:49:51	 1ebbeb06-1dc6-48d3-b836-eee976235ea8	 undefined	PATCH	/auth/resetPassword/eyJhbGciOiJIUzI1NiIsInR5cCI6IkpXVCJ9.eyJ1c2VybmFtZSI6Im9sYW1pZGUxMjIzNDU2NyIsImlhdCI6MTcwNjQ5MjQ5MiwiZXhwIjoxNzA2NTQ2NDkyfQ.7krDO-b2ET9tjZm_9CF-LzexnPEWCvURVjeDFDyn8sA
20240129	 02:50:10	 d83432ef-2ab2-4ed7-85b9-317130a322ad	 undefined	PATCH	/auth/resetPassword/eyJhbGciOiJIUzI1NiIsInR5cCI6IkpXVCJ9.eyJ1c2VybmFtZSI6Im9sYW1pZGUxMjIzNDU2NyIsImlhdCI6MTcwNjQ5MjQ5MiwiZXhwIjoxNzA2NTQ2NDkyfQ.7krDO-b2ET9tjZm_9CF-LzexnPEWCvURVjeDFDyn8sA
20240129	 02:51:08	 c8a6e13b-0adc-4224-acb0-d17669553929	 undefined	PATCH	/auth/resetPassword/eyJhbGciOiJIUzI1NiIsInR5cCI6IkpXVCJ9.eyJ1c2VybmFtZSI6Im9sYW1pZGUxMjIzNDU2NyIsImlhdCI6MTcwNjQ5MjQ5MiwiZXhwIjoxNzA2NTQ2NDkyfQ.7krDO-b2ET9tjZm_9CF-LzexnPEWCvURVjeDFDyn8sA
20240129	 02:52:19	 299c5099-c79c-4775-b24a-367845ba0463	 undefined	PATCH	/auth/resetPassword/eyJhbGciOiJIUzI1NiIsInR5cCI6IkpXVCJ9.eyJ1c2VybmFtZSI6Im9sYW1pZGUxMjIzNDU2NyIsImlhdCI6MTcwNjQ5MjQ5MiwiZXhwIjoxNzA2NTQ2NDkyfQ.7krDO-b2ET9tjZm_9CF-LzexnPEWCvURVjeDFDyn8sA
20240129	 02:53:19	 e5888bb1-055f-431f-a826-8b45fd77237c	 undefined	PATCH	/auth/resetPassword/eyJhbGciOiJIUzI1NiIsInR5cCI6IkpXVCJ9.eyJ1c2VybmFtZSI6Im9sYW1pZGUxMjIzNDU2NyIsImlhdCI6MTcwNjQ5MjQ5MiwiZXhwIjoxNzA2NTQ2NDkyfQ.7krDO-b2ET9tjZm_9CF-LzexnPEWCvURVjeDFDyn8sA
20240129	 02:55:08	 054e7a87-4068-4101-b990-ca3eb6663bc6	 undefined	PATCH	/auth/resetPassword/eyJhbGciOiJIUzI1NiIsInR5cCI6IkpXVCJ9.eyJ1c2VybmFtZSI6Im9sYW1pZGUxMjIzNDU2NyIsImlhdCI6MTcwNjQ5MjQ5MiwiZXhwIjoxNzA2NTQ2NDkyfQ.7krDO-b2ET9tjZm_9CF-LzexnPEWCvURVjeDFDyn8sA
20240129	 02:56:52	 5b415521-ab63-40f1-b1aa-a7f88be087ea	 undefined	PATCH	/auth/resetPassword/eyJhbGciOiJIUzI1NiIsInR5cCI6IkpXVCJ9.eyJ1c2VybmFtZSI6Im9sYW1pZGUxMjIzNDU2NyIsImlhdCI6MTcwNjQ5MjQ5MiwiZXhwIjoxNzA2NTQ2NDkyfQ.7krDO-b2ET9tjZm_9CF-LzexnPEWCvURVjeDFDyn8sA
20240129	 03:12:42	 a6be647a-a5e5-49b5-9f06-a7f299cff206	 undefined	PATCH	/auth/resetPassword/eyJhbGciOiJIUzI1NiIsInR5cCI6IkpXVCJ9.eyJ1c2VybmFtZSI6Im9sYW1pZGUxMjIzNDU2NyIsImlhdCI6MTcwNjQ5MjQ5MiwiZXhwIjoxNzA2NTQ2NDkyfQ.7krDO-b2ET9tjZm_9CF-LzexnPEWCvURVjeDFDyn8sA
20240129	 03:13:50	 cb6bd610-3684-419f-b638-355724f2fff1	 undefined	PATCH	/auth/resetPassword/eyJhbGciOiJIUzI1NiIsInR5cCI6IkpXVCJ9.eyJ1c2VybmFtZSI6Im9sYW1pZGUxMjIzNDU2NyIsImlhdCI6MTcwNjQ5MjQ5MiwiZXhwIjoxNzA2NTQ2NDkyfQ.7krDO-b2ET9tjZm_9CF-LzexnPEWCvURVjeDFDyn8sA
20240129	 03:14:50	 ef42f6b8-68b6-4a0f-aee2-32e10ea1eeff	 undefined	PATCH	/auth/resetPassword/eyJhbGciOiJIUzI1NiIsInR5cCI6IkpXVCJ9.eyJ1c2VybmFtZSI6Im9sYW1pZGUxMjIzNDU2NyIsImlhdCI6MTcwNjQ5MjQ5MiwiZXhwIjoxNzA2NTQ2NDkyfQ.7krDO-b2ET9tjZm_9CF-LzexnPEWCvURVjeDFDyn8sA
20240129	 03:16:44	 7b7e18ef-61fa-41e5-8433-b89a2a65d618	 undefined	PATCH	/auth/resetPassword/eyJhbGciOiJIUzI1NiIsInR5cCI6IkpXVCJ9.eyJ1c2VybmFtZSI6Im9sYW1pZGUxMjIzNDU2NyIsImlhdCI6MTcwNjQ5MjQ5MiwiZXhwIjoxNzA2NTQ2NDkyfQ.7krDO-b2ET9tjZm_9CF-LzexnPEWCvURVjeDFDyn8sA
20240129	 03:25:37	 5744910a-bbed-480c-b98c-18f1b2c05526	 undefined	PATCH	/auth/resetPassword/eyJhbGciOiJIUzI1NiIsInR5cCI6IkpXVCJ9.eyJ1c2VybmFtZSI6Im9sYW1pZGUxMjIzNDU2NyIsImlhdCI6MTcwNjQ5MjQ5MiwiZXhwIjoxNzA2NTQ2NDkyfQ.7krDO-b2ET9tjZm_9CF-LzexnPEWCvURVjeDFDyn8sA
20240129	 03:29:19	 70aadaf7-34cc-449d-8499-4a8696abc5ee	 undefined	PATCH	/auth/resetPassword/eyJhbGciOiJIUzI1NiIsInR5cCI6IkpXVCJ9.eyJ1c2VybmFtZSI6Im9sYW1pZGUxMjIzNDU2NyIsImlhdCI6MTcwNjQ5MjQ5MiwiZXhwIjoxNzA2NTQ2NDkyfQ.7krDO-b2ET9tjZm_9CF-LzexnPEWCvURVjeDFDyn8sA
20240129	 03:36:57	 663acbba-25af-4d0e-afde-b47396060c85	 undefined	PATCH	/auth/resetPassword/eyJhbGciOiJIUzI1NiIsInR5cCI6IkpXVCJ9.eyJ1c2VybmFtZSI6Im9sYW1pZGUxMjIzNDU2NyIsImlhdCI6MTcwNjQ5MjQ5MiwiZXhwIjoxNzA2NTQ2NDkyfQ.7krDO-b2ET9tjZm_9CF-LzexnPEWCvURVjeDFDyn8sA
20240129	 03:37:59	 1acef697-1148-4e28-ba98-ce03b409187b	 undefined	PATCH	/auth/resetPassword/eyJhbGciOiJIUzI1NiIsInR5cCI6IkpXVCJ9.eyJ1c2VybmFtZSI6Im9sYW1pZGUxMjIzNDU2NyIsImlhdCI6MTcwNjQ5MjQ5MiwiZXhwIjoxNzA2NTQ2NDkyfQ.7krDO-b2ET9tjZm_9CF-LzexnPEWCvURVjeDFDyn8sA
20240129	 03:38:38	 956f7970-6328-4189-ae6b-5ceed8b8e7d3	 undefined	PATCH	/auth/resetPassword/eyJhbGciOiJIUzI1NiIsInR5cCI6IkpXVCJ9.eyJ1c2VybmFtZSI6Im9sYW1pZGUxMjIzNDU2NyIsImlhdCI6MTcwNjQ5MjQ5MiwiZXhwIjoxNzA2NTQ2NDkyfQ.7krDO-b2ET9tjZm_9CF-LzexnPEWCvURVjeDFDyn8sA
20240129	 03:39:36	 f67cdabe-9b96-4476-8bac-632df27516d0	 undefined	PATCH	/auth/resetPassword/eyJhbGciOiJIUzI1NiIsInR5cCI6IkpXVCJ9.eyJ1c2VybmFtZSI6Im9sYW1pZGUxMjIzNDU2NyIsImlhdCI6MTcwNjQ5MjQ5MiwiZXhwIjoxNzA2NTQ2NDkyfQ.7krDO-b2ET9tjZm_9CF-LzexnPEWCvURVjeDFDyn8sA
20240129	 03:40:26	 a620227f-be6a-4b98-8ab5-f5360b4603f6	 undefined	PATCH	/auth/resetPassword/eyJhbGciOiJIUzI1NiIsInR5cCI6IkpXVCJ9.eyJ1c2VybmFtZSI6Im9sYW1pZGUxMjIzNDU2NyIsImlhdCI6MTcwNjQ5MjQ5MiwiZXhwIjoxNzA2NTQ2NDkyfQ.7krDO-b2ET9tjZm_9CF-LzexnPEWCvURVjeDFDyn8sA
20240129	 03:41:10	 f6714241-0bcc-41cf-b123-e5614534e25c	 undefined	PATCH	/auth/resetPassword/eyJhbGciOiJIUzI1NiIsInR5cCI6IkpXVCJ9.eyJ1c2VybmFtZSI6Im9sYW1pZGUxMjIzNDU2NyIsImlhdCI6MTcwNjQ5MjQ5MiwiZXhwIjoxNzA2NTQ2NDkyfQ.7krDO-b2ET9tjZm_9CF-LzexnPEWCvURVjeDFDyn8sA
20240129	 03:43:21	 d7c3a844-7daf-4553-81a7-452648e082b5	 undefined	PATCH	/auth/resetPassword/eyJhbGciOiJIUzI1NiIsInR5cCI6IkpXVCJ9.eyJ1c2VybmFtZSI6Im9sYW1pZGUxMjIzNDU2NyIsImlhdCI6MTcwNjQ5MjQ5MiwiZXhwIjoxNzA2NTQ2NDkyfQ.7krDO-b2ET9tjZm_9CF-LzexnPEWCvURVjeDFDyn8sA
20240129	 03:49:24	 67b7f6ee-a5ec-44d7-99f2-9a376fd4644a	 undefined	PATCH	/auth/resetPassword/eyJhbGciOiJIUzI1NiIsInR5cCI6IkpXVCJ9.eyJ1c2VybmFtZSI6Im9sYW1pZGUxMjIzNDU2NyIsImlhdCI6MTcwNjQ5MjQ5MiwiZXhwIjoxNzA2NTQ2NDkyfQ.7krDO-b2ET9tjZm_9CF-LzexnPEWCvURVjeDFDyn8sA
20240129	 03:49:39	 6b8511cf-f26c-41d2-92bb-219eea6b9b25	 undefined	PATCH	/auth/resetPassword/eyJhbGciOiJIUzI1NiIsInR5cCI6IkpXVCJ9.eyJ1c2VybmFtZSI6Im9sYW1pZGUxMjIzNDU2NyIsImlhdCI6MTcwNjQ5MjQ5MiwiZXhwIjoxNzA2NTQ2NDkyfQ.7krDO-b2ET9tjZm_9CF-LzexnPEWCvURVjeDFDyn8sA
20240129	 03:54:41	 63e118a5-f571-415d-8ebe-7dca8a582148	 undefined	PATCH	/auth/resetPassword/eyJhbGciOiJIUzI1NiIsInR5cCI6IkpXVCJ9.eyJ1c2VybmFtZSI6Im9sYW1pZGUxMjIzNDU2NyIsImlhdCI6MTcwNjQ5MjQ5MiwiZXhwIjoxNzA2NTQ2NDkyfQ.7krDO-b2ET9tjZm_9CF-LzexnPEWCvURVjeDFDyn8sA
20240129	 03:57:57	 99f1b62a-7716-4f93-8a69-7fdb3cba9107	 undefined	PATCH	/auth/resetPassword/
20240129	 03:58:11	 28def848-c30b-415b-a5f4-8b0af2c868e7	 undefined	PATCH	/auth/resetPassword/fg
20240129	 03:59:50	 ec132eb1-c3a8-4485-b9b8-1da23a7ab3d8	 undefined	PATCH	/auth/resetPassword/fg
20240129	 04:00:03	 06388cf1-2ae1-46ca-91da-96535ee518b0	 undefined	PATCH	/auth/resetPassword/eyJhbGciOiJIUzI1NiIsInR5cCI6IkpXVCJ9.eyJ1c2VybmFtZSI6Im9sYW1pZGUxMjIzNDU2NyIsImlhdCI6MTcwNjQ5MjQ5MiwiZXhwIjoxNzA2NTQ2NDkyfQ.7krDO-b2ET9tjZm_9CF-LzexnPEWCvURVjeDFDyn8sA
